<?xml version="1.0" encoding="UTF-8"?>
<!-- Generated by org.testng.reporters.JUnitXMLReporter -->
<testsuite ignored="2" hostname="DESKTOP-HER8BAS" failures="1" tests="1" name="Default test(failed)" time="0.108" errors="0" timestamp="2023-12-29T17:19:36 IST">
  <testcase classname="testNGxmlUse.AssertFailClass" name="f" time="0.013">
    <failure type="java.lang.AssertionError" message="null">
      <![CDATA[java.lang.AssertionError: null
at testNGxmlUse.AssertFailClass.f(AssertFailClass.java:15)
at java.base/java.util.ArrayList.forEach(ArrayList.java:1511)
... Removed 29 stack frames]]>
    </failure>
  </testcase> <!-- f -->
  <testcase classname="testNGxmlUse.AssertFailClass" name="h" time="0.0">
    <ignored/>
  </testcase> <!-- h -->
  <testcase classname="testNGxmlUse.AssertFailClass" name="g" time="0.0">
    <ignored/>
  </testcase> <!-- g -->
</testsuite> <!-- Default test(failed) -->
