<?xml version="1.0" encoding="UTF-8"?>
<!-- Generated by org.testng.reporters.JUnitXMLReporter -->
<testsuite ignored="0" hostname="DESKTOP-HER8BAS" failures="2" tests="8" name="Test" time="0.213" errors="0" timestamp="2024-01-05T13:09:00 IST">
  <testcase classname="testNGlisteners.Myclass1" name="b" time="0.018">
    <failure type="java.lang.AssertionError" message="null">
      <![CDATA[java.lang.AssertionError: null
at testNGlisteners.Myclass1.b(Myclass1.java:16)
at java.base/java.util.ArrayList.forEach(ArrayList.java:1511)
... Removed 29 stack frames]]>
    </failure>
  </testcase> <!-- b -->
  <testcase classname="testNGlisteners.Myclass1" name="d" time="0.004"/>
  <testcase classname="testNGlisteners.Myclass1" name="a" time="0.002"/>
  <testcase classname="testNGlisteners.Myclass1" name="c" time="0.0">
    <skipped/>
  </testcase> <!-- c -->
  <testcase classname="testNGlisteners.MyClass2" name="w" time="0.004"/>
  <testcase classname="testNGlisteners.MyClass2" name="x" time="0.003"/>
  <testcase classname="testNGlisteners.MyClass2" name="y" time="0.002">
    <failure type="java.lang.AssertionError" message="null">
      <![CDATA[java.lang.AssertionError: null
at testNGlisteners.MyClass2.y(MyClass2.java:19)
at java.base/java.util.ArrayList.forEach(ArrayList.java:1511)
... Removed 29 stack frames]]>
    </failure>
  </testcase> <!-- y -->
  <testcase classname="testNGlisteners.MyClass2" name="z" time="0.0">
    <skipped/>
  </testcase> <!-- z -->
</testsuite> <!-- Test -->
