<?xml version="1.0" encoding="UTF-8"?>
<testng-results ignored="0" total="1" passed="1" failed="0" skipped="0">
  <reporter-output>
    <line>
      <![CDATA[Launching Browser]]>
    </line>
    <line>
      <![CDATA[Clicking on gender button]]>
    </line>
    <line>
      <![CDATA[Clicking on next button]]>
    </line>
    <line>
      <![CDATA[Handling age drop down]]>
    </line>
    <line>
      <![CDATA[Reading data from excelsheet]]>
    </line>
    <line>
      <![CDATA[Clicking On next button]]>
    </line>
    <line>
      <![CDATA[Entering Pin Code]]>
    </line>
    <line>
      <![CDATA[Reading data from excelsheet]]>
    </line>
    <line>
      <![CDATA[Entering Mobile Number]]>
    </line>
    <line>
      <![CDATA[Reading data from excelsheet]]>
    </line>
    <line>
      <![CDATA[Clicking on continue button]]>
    </line>
    <line>
      <![CDATA[Fetching number of results from text]]>
    </line>
    <line>
      <![CDATA[Fetching number of results from Banners]]>
    </line>
    <line>
      <![CDATA[TC is Passed]]>
    </line>
    <line>
      <![CDATA[Taking ScreenShot]]>
    </line>
    <line>
      <![CDATA[Saved ScreenShot atC:\Users\HP\OneDrive\Desktop\selenium\MyScreenshots\coverFoxCF_TC555_2024.01.11.12.55.57.png]]>
    </line>
    <line>
      <![CDATA[Closing Browser]]>
    </line>
  </reporter-output>
  <suite started-at="2024-01-11T12:55:30 IST" name="Default suite" finished-at="2024-01-11T12:56:03 IST" duration-ms="32771">
    <groups>
    </groups>
    <test started-at="2024-01-11T12:55:30 IST" name="Default test" finished-at="2024-01-11T12:56:03 IST" duration-ms="32771">
      <class name="coverFoxTest.CF_TC555_Validate_Search_results_for_healthCare_policies">
        <test-method is-config="true" signature="launchBrowser()[pri:0, instance:coverFoxTest.CF_TC555_Validate_Search_results_for_healthCare_policies@6be968ce]" started-at="2024-01-11T12:55:30 IST" name="launchBrowser" finished-at="2024-01-11T12:55:38 IST" duration-ms="7237" status="PASS">
          <reporter-output>
            <line>
              <![CDATA[Launching Browser]]>
            </line>
          </reporter-output>
        </test-method> <!-- launchBrowser -->
        <test-method is-config="true" signature="enterMemberDetails()[pri:0, instance:coverFoxTest.CF_TC555_Validate_Search_results_for_healthCare_policies@6be968ce]" started-at="2024-01-11T12:55:38 IST" name="enterMemberDetails" finished-at="2024-01-11T12:55:50 IST" duration-ms="11930" status="PASS">
          <reporter-output>
            <line>
              <![CDATA[Clicking on gender button]]>
            </line>
            <line>
              <![CDATA[Clicking on next button]]>
            </line>
            <line>
              <![CDATA[Handling age drop down]]>
            </line>
            <line>
              <![CDATA[Reading data from excelsheet]]>
            </line>
            <line>
              <![CDATA[Clicking On next button]]>
            </line>
            <line>
              <![CDATA[Entering Pin Code]]>
            </line>
            <line>
              <![CDATA[Reading data from excelsheet]]>
            </line>
            <line>
              <![CDATA[Entering Mobile Number]]>
            </line>
            <line>
              <![CDATA[Reading data from excelsheet]]>
            </line>
            <line>
              <![CDATA[Clicking on continue button]]>
            </line>
          </reporter-output>
        </test-method> <!-- enterMemberDetails -->
        <test-method signature="validateTestPlansFromTextAndBanners()[pri:0, instance:coverFoxTest.CF_TC555_Validate_Search_results_for_healthCare_policies@6be968ce]" started-at="2024-01-11T12:55:50 IST" name="validateTestPlansFromTextAndBanners" finished-at="2024-01-11T12:55:57 IST" duration-ms="7214" status="PASS">
          <reporter-output>
            <line>
              <![CDATA[Fetching number of results from text]]>
            </line>
            <line>
              <![CDATA[Fetching number of results from Banners]]>
            </line>
            <line>
              <![CDATA[TC is Passed]]>
            </line>
            <line>
              <![CDATA[Taking ScreenShot]]>
            </line>
            <line>
              <![CDATA[Saved ScreenShot atC:\Users\HP\OneDrive\Desktop\selenium\MyScreenshots\coverFoxCF_TC555_2024.01.11.12.55.57.png]]>
            </line>
          </reporter-output>
        </test-method> <!-- validateTestPlansFromTextAndBanners -->
        <test-method is-config="true" signature="closeBrowser()[pri:0, instance:coverFoxTest.CF_TC555_Validate_Search_results_for_healthCare_policies@6be968ce]" started-at="2024-01-11T12:55:57 IST" name="closeBrowser" finished-at="2024-01-11T12:56:03 IST" duration-ms="6319" status="PASS">
          <reporter-output>
            <line>
              <![CDATA[Closing Browser]]>
            </line>
          </reporter-output>
        </test-method> <!-- closeBrowser -->
      </class> <!-- coverFoxTest.CF_TC555_Validate_Search_results_for_healthCare_policies -->
    </test> <!-- Default test -->
  </suite> <!-- Default suite -->
</testng-results>
